TN:
SF:src/contracts/01-unstoppable/ReceiverUnstoppable.sol
FN:17,ReceiverUnstoppable.
FNDA:0,ReceiverUnstoppable.
DA:18,0
DA:18,0
FN:21,ReceiverUnstoppable.onFlashLoan
FNDA:1,ReceiverUnstoppable.onFlashLoan
DA:28,1
DA:28,1
DA:28,1
DA:28,1
DA:28,1
DA:28,1
DA:28,1
DA:28,1
DA:28,1
DA:28,1
DA:28,1
BRDA:28,0,0,-
BRDA:28,0,1,1
DA:29,0
DA:29,0
DA:31,1
DA:31,1
DA:33,1
DA:33,1
DA:33,1
FN:36,ReceiverUnstoppable.executeFlashLoan
FNDA:2,ReceiverUnstoppable.executeFlashLoan
DA:37,2
DA:37,2
DA:37,2
DA:38,2
DA:38,2
FNF:3
FNH:2
LF:7
LH:5
BRF:2
BRH:1
end_of_record
TN:
SF:src/contracts/01-unstoppable/UnstoppableVault.sol
FN:32,UnstoppableVault.
FNDA:0,UnstoppableVault.
DA:36,0
DA:36,0
DA:37,0
DA:37,0
FN:43,UnstoppableVault.maxFlashLoan
FNDA:1,UnstoppableVault.maxFlashLoan
DA:44,4
DA:44,4
DA:44,4
BRDA:44,0,0,-
BRDA:44,0,1,4
DA:45,0
DA:45,0
DA:47,4
DA:47,4
DA:47,4
FN:53,UnstoppableVault.flashFee
FNDA:2,UnstoppableVault.flashFee
DA:54,3
DA:54,3
DA:54,3
BRDA:54,1,0,-
BRDA:54,1,1,3
DA:55,0
DA:55,0
DA:57,3
DA:57,3
DA:57,3
DA:57,3
DA:57,3
BRDA:57,2,0,2
BRDA:57,2,1,1
DA:58,2
DA:58,2
DA:60,1
DA:60,1
DA:60,1
FN:64,UnstoppableVault.setFeeRecipient
FNDA:0,UnstoppableVault.setFeeRecipient
DA:65,0
DA:65,0
DA:65,0
BRDA:65,3,0,-
BRDA:65,3,1,-
DA:66,0
DA:66,0
DA:67,0
DA:67,0
FN:74,UnstoppableVault.totalAssets
FNDA:1,UnstoppableVault.totalAssets
DA:76,9
BRDA:76,4,0,-
DA:81,9
DA:81,9
DA:81,9
FN:87,UnstoppableVault.flashLoan
FNDA:2,UnstoppableVault.flashLoan
DA:93,2
DA:93,2
BRDA:93,5,0,-
BRDA:93,5,1,2
DA:93,0
DA:94,2
DA:94,2
DA:94,2
BRDA:94,6,0,-
BRDA:94,6,1,2
DA:94,0
DA:95,2
DA:95,2
DA:95,2
DA:96,2
DA:96,2
DA:96,2
BRDA:96,7,0,1
BRDA:96,7,1,1
DA:96,1
DA:97,1
DA:97,1
DA:97,1
DA:99,1
DA:99,1
DA:101,1
DA:101,1
DA:101,1
DA:101,1
BRDA:101,8,0,-
BRDA:101,8,1,1
DA:102,0
DA:102,0
DA:104,1
DA:104,1
DA:105,1
DA:105,1
DA:106,1
DA:106,1
FN:112,UnstoppableVault.beforeWithdraw
FNDA:0,UnstoppableVault.beforeWithdraw
FN:117,UnstoppableVault.afterDeposit
FNDA:1,UnstoppableVault.afterDeposit
FNF:8
FNH:5
LF:26
LH:18
BRF:17
BRH:9
end_of_record
TN:
SF:src/contracts/02-naive-receiver/FlashLoanReceiver.sol
FN:20,FlashLoanReceiver.
FNDA:0,FlashLoanReceiver.
DA:21,0
DA:21,0
FN:24,FlashLoanReceiver.onFlashLoan
FNDA:0,FlashLoanReceiver.onFlashLoan
DA:32,0
BRDA:32,0,0,-
DA:38,0
DA:38,0
BRDA:38,1,0,-
BRDA:38,1,1,-
DA:39,0
DA:39,0
DA:41,0
DA:41,0
DA:43,0
DA:43,0
DA:46,0
DA:46,0
DA:49,0
DA:49,0
DA:51,0
DA:51,0
DA:51,0
FN:55,FlashLoanReceiver._executeActionDuringFlashLoan
FNDA:0,FlashLoanReceiver._executeActionDuringFlashLoan
FNF:3
FNH:0
LF:9
LH:0
BRF:3
BRH:0
end_of_record
TN:
SF:src/contracts/02-naive-receiver/NaiveReceiverLenderPool.sol
FN:24,NaiveReceiverLenderPool.maxFlashLoan
FNDA:0,NaiveReceiverLenderPool.maxFlashLoan
DA:25,0
DA:25,0
BRDA:25,0,0,-
BRDA:25,0,1,-
DA:26,0
DA:26,0
DA:28,0
DA:28,0
FN:31,NaiveReceiverLenderPool.flashFee
FNDA:0,NaiveReceiverLenderPool.flashFee
DA:32,0
DA:32,0
BRDA:32,1,0,-
BRDA:32,1,1,-
DA:33,0
DA:33,0
DA:34,0
DA:34,0
FN:37,NaiveReceiverLenderPool.flashLoan
FNDA:0,NaiveReceiverLenderPool.flashLoan
DA:43,0
DA:43,0
BRDA:43,2,0,-
BRDA:43,2,1,-
DA:44,0
DA:44,0
DA:46,0
DA:46,0
DA:49,0
DA:49,0
DA:50,0
DA:50,0
DA:50,0
BRDA:50,3,0,-
BRDA:50,3,1,-
DA:57,0
DA:57,0
DA:60,0
DA:60,0
DA:60,0
BRDA:60,4,0,-
BRDA:60,4,1,-
DA:61,0
DA:61,0
DA:63,0
DA:63,0
FNF:3
FNH:0
LF:15
LH:0
BRF:10
BRH:0
end_of_record
TN:
SF:src/contracts/DamnValuableToken.sol
FN:11,DamnValuableToken.
FNDA:0,DamnValuableToken.
DA:12,0
DA:12,0
FNF:1
FNH:0
LF:1
LH:0
BRF:0
BRH:0
end_of_record
TN:
SF:test/Util.sol
FN:9,Util.getNextUserAddress
FNDA:3,Util.getNextUserAddress
DA:11,3
DA:11,3
DA:11,3
DA:12,3
DA:12,3
DA:13,3
DA:13,3
FN:17,Util.createUsers
FNDA:1,Util.createUsers
DA:18,1
DA:18,1
DA:18,1
DA:19,1
DA:19,1
DA:19,4
DA:19,3
DA:20,3
DA:20,3
DA:20,3
DA:21,3
DA:21,3
DA:22,3
DA:22,3
DA:24,1
DA:24,1
FN:28,Util.mineBlocks
FNDA:0,Util.mineBlocks
DA:29,0
DA:29,0
DA:29,0
DA:30,0
DA:30,0
FNF:3
FNH:2
LF:11
LH:9
BRF:0
BRH:0
end_of_record
